~/TitleGenAfterSum ~/TitleGenAfterSum
Requirement already satisfied: torch in ./venv/lib/python3.11/site-packages (2.1.0)
Requirement already satisfied: filelock in ./venv/lib/python3.11/site-packages (from torch) (3.13.1)
Requirement already satisfied: typing-extensions in ./venv/lib/python3.11/site-packages (from torch) (4.8.0)
Requirement already satisfied: sympy in ./venv/lib/python3.11/site-packages (from torch) (1.12)
Requirement already satisfied: networkx in ./venv/lib/python3.11/site-packages (from torch) (3.2.1)
Requirement already satisfied: jinja2 in ./venv/lib/python3.11/site-packages (from torch) (3.1.2)
Requirement already satisfied: fsspec in ./venv/lib/python3.11/site-packages (from torch) (2023.10.0)
Requirement already satisfied: nvidia-cuda-nvrtc-cu12==12.1.105 in ./venv/lib/python3.11/site-packages (from torch) (12.1.105)
Requirement already satisfied: nvidia-cuda-runtime-cu12==12.1.105 in ./venv/lib/python3.11/site-packages (from torch) (12.1.105)
Requirement already satisfied: nvidia-cuda-cupti-cu12==12.1.105 in ./venv/lib/python3.11/site-packages (from torch) (12.1.105)
Requirement already satisfied: nvidia-cudnn-cu12==8.9.2.26 in ./venv/lib/python3.11/site-packages (from torch) (8.9.2.26)
Requirement already satisfied: nvidia-cublas-cu12==12.1.3.1 in ./venv/lib/python3.11/site-packages (from torch) (12.1.3.1)
Requirement already satisfied: nvidia-cufft-cu12==11.0.2.54 in ./venv/lib/python3.11/site-packages (from torch) (11.0.2.54)
Requirement already satisfied: nvidia-curand-cu12==10.3.2.106 in ./venv/lib/python3.11/site-packages (from torch) (10.3.2.106)
Requirement already satisfied: nvidia-cusolver-cu12==11.4.5.107 in ./venv/lib/python3.11/site-packages (from torch) (11.4.5.107)
Requirement already satisfied: nvidia-cusparse-cu12==12.1.0.106 in ./venv/lib/python3.11/site-packages (from torch) (12.1.0.106)
Requirement already satisfied: nvidia-nccl-cu12==2.18.1 in ./venv/lib/python3.11/site-packages (from torch) (2.18.1)
Requirement already satisfied: nvidia-nvtx-cu12==12.1.105 in ./venv/lib/python3.11/site-packages (from torch) (12.1.105)
Requirement already satisfied: triton==2.1.0 in ./venv/lib/python3.11/site-packages (from torch) (2.1.0)
Requirement already satisfied: nvidia-nvjitlink-cu12 in ./venv/lib/python3.11/site-packages (from nvidia-cusolver-cu12==11.4.5.107->torch) (12.3.52)
Requirement already satisfied: MarkupSafe>=2.0 in ./venv/lib/python3.11/site-packages (from jinja2->torch) (2.1.3)
Requirement already satisfied: mpmath>=0.19 in ./venv/lib/python3.11/site-packages (from sympy->torch) (1.3.0)

[notice] A new release of pip is available: 23.2.1 -> 23.3.1
[notice] To update, run: pip install --upgrade pip
Requirement already satisfied: transformers in ./venv/lib/python3.11/site-packages (4.35.0)
Requirement already satisfied: filelock in ./venv/lib/python3.11/site-packages (from transformers) (3.13.1)
Requirement already satisfied: huggingface-hub<1.0,>=0.16.4 in ./venv/lib/python3.11/site-packages (from transformers) (0.17.3)
Requirement already satisfied: numpy>=1.17 in ./venv/lib/python3.11/site-packages (from transformers) (1.26.1)
Requirement already satisfied: packaging>=20.0 in ./venv/lib/python3.11/site-packages (from transformers) (23.2)
Requirement already satisfied: pyyaml>=5.1 in ./venv/lib/python3.11/site-packages (from transformers) (6.0.1)
Requirement already satisfied: regex!=2019.12.17 in ./venv/lib/python3.11/site-packages (from transformers) (2023.10.3)
Requirement already satisfied: requests in ./venv/lib/python3.11/site-packages (from transformers) (2.31.0)
Requirement already satisfied: tokenizers<0.15,>=0.14 in ./venv/lib/python3.11/site-packages (from transformers) (0.14.1)
Requirement already satisfied: safetensors>=0.3.1 in ./venv/lib/python3.11/site-packages (from transformers) (0.4.0)
Requirement already satisfied: tqdm>=4.27 in ./venv/lib/python3.11/site-packages (from transformers) (4.66.1)
Requirement already satisfied: fsspec in ./venv/lib/python3.11/site-packages (from huggingface-hub<1.0,>=0.16.4->transformers) (2023.10.0)
Requirement already satisfied: typing-extensions>=3.7.4.3 in ./venv/lib/python3.11/site-packages (from huggingface-hub<1.0,>=0.16.4->transformers) (4.8.0)
Requirement already satisfied: charset-normalizer<4,>=2 in ./venv/lib/python3.11/site-packages (from requests->transformers) (3.3.2)
Requirement already satisfied: idna<4,>=2.5 in ./venv/lib/python3.11/site-packages (from requests->transformers) (3.4)
Requirement already satisfied: urllib3<3,>=1.21.1 in ./venv/lib/python3.11/site-packages (from requests->transformers) (2.0.7)
Requirement already satisfied: certifi>=2017.4.17 in ./venv/lib/python3.11/site-packages (from requests->transformers) (2023.7.22)

[notice] A new release of pip is available: 23.2.1 -> 23.3.1
[notice] To update, run: pip install --upgrade pip
Requirement already satisfied: datasets in ./venv/lib/python3.11/site-packages (2.14.6)
Requirement already satisfied: numpy>=1.17 in ./venv/lib/python3.11/site-packages (from datasets) (1.26.1)
Requirement already satisfied: pyarrow>=8.0.0 in ./venv/lib/python3.11/site-packages (from datasets) (14.0.1)
Requirement already satisfied: dill<0.3.8,>=0.3.0 in ./venv/lib/python3.11/site-packages (from datasets) (0.3.7)
Requirement already satisfied: pandas in ./venv/lib/python3.11/site-packages (from datasets) (2.1.3)
Requirement already satisfied: requests>=2.19.0 in ./venv/lib/python3.11/site-packages (from datasets) (2.31.0)
Requirement already satisfied: tqdm>=4.62.1 in ./venv/lib/python3.11/site-packages (from datasets) (4.66.1)
Requirement already satisfied: xxhash in ./venv/lib/python3.11/site-packages (from datasets) (3.4.1)
Requirement already satisfied: multiprocess in ./venv/lib/python3.11/site-packages (from datasets) (0.70.15)
Requirement already satisfied: fsspec[http]<=2023.10.0,>=2023.1.0 in ./venv/lib/python3.11/site-packages (from datasets) (2023.10.0)
Requirement already satisfied: aiohttp in ./venv/lib/python3.11/site-packages (from datasets) (3.8.6)
Requirement already satisfied: huggingface-hub<1.0.0,>=0.14.0 in ./venv/lib/python3.11/site-packages (from datasets) (0.17.3)
Requirement already satisfied: packaging in ./venv/lib/python3.11/site-packages (from datasets) (23.2)
Requirement already satisfied: pyyaml>=5.1 in ./venv/lib/python3.11/site-packages (from datasets) (6.0.1)
Requirement already satisfied: attrs>=17.3.0 in ./venv/lib/python3.11/site-packages (from aiohttp->datasets) (23.1.0)
Requirement already satisfied: charset-normalizer<4.0,>=2.0 in ./venv/lib/python3.11/site-packages (from aiohttp->datasets) (3.3.2)
Requirement already satisfied: multidict<7.0,>=4.5 in ./venv/lib/python3.11/site-packages (from aiohttp->datasets) (6.0.4)
Requirement already satisfied: async-timeout<5.0,>=4.0.0a3 in ./venv/lib/python3.11/site-packages (from aiohttp->datasets) (4.0.3)
Requirement already satisfied: yarl<2.0,>=1.0 in ./venv/lib/python3.11/site-packages (from aiohttp->datasets) (1.9.2)
Requirement already satisfied: frozenlist>=1.1.1 in ./venv/lib/python3.11/site-packages (from aiohttp->datasets) (1.4.0)
Requirement already satisfied: aiosignal>=1.1.2 in ./venv/lib/python3.11/site-packages (from aiohttp->datasets) (1.3.1)
Requirement already satisfied: filelock in ./venv/lib/python3.11/site-packages (from huggingface-hub<1.0.0,>=0.14.0->datasets) (3.13.1)
Requirement already satisfied: typing-extensions>=3.7.4.3 in ./venv/lib/python3.11/site-packages (from huggingface-hub<1.0.0,>=0.14.0->datasets) (4.8.0)
Requirement already satisfied: idna<4,>=2.5 in ./venv/lib/python3.11/site-packages (from requests>=2.19.0->datasets) (3.4)
Requirement already satisfied: urllib3<3,>=1.21.1 in ./venv/lib/python3.11/site-packages (from requests>=2.19.0->datasets) (2.0.7)
Requirement already satisfied: certifi>=2017.4.17 in ./venv/lib/python3.11/site-packages (from requests>=2.19.0->datasets) (2023.7.22)
Requirement already satisfied: python-dateutil>=2.8.2 in ./venv/lib/python3.11/site-packages (from pandas->datasets) (2.8.2)
Requirement already satisfied: pytz>=2020.1 in ./venv/lib/python3.11/site-packages (from pandas->datasets) (2023.3.post1)
Requirement already satisfied: tzdata>=2022.1 in ./venv/lib/python3.11/site-packages (from pandas->datasets) (2023.3)
Requirement already satisfied: six>=1.5 in ./venv/lib/python3.11/site-packages (from python-dateutil>=2.8.2->pandas->datasets) (1.16.0)

[notice] A new release of pip is available: 23.2.1 -> 23.3.1
[notice] To update, run: pip install --upgrade pip
Requirement already satisfied: tqdm in ./venv/lib/python3.11/site-packages (4.66.1)

[notice] A new release of pip is available: 23.2.1 -> 23.3.1
[notice] To update, run: pip install --upgrade pip
Requirement already satisfied: numpy in ./venv/lib/python3.11/site-packages (1.26.1)

[notice] A new release of pip is available: 23.2.1 -> 23.3.1
[notice] To update, run: pip install --upgrade pip
Requirement already satisfied: evaluate in ./venv/lib/python3.11/site-packages (0.4.1)
Requirement already satisfied: datasets>=2.0.0 in ./venv/lib/python3.11/site-packages (from evaluate) (2.14.6)
Requirement already satisfied: numpy>=1.17 in ./venv/lib/python3.11/site-packages (from evaluate) (1.26.1)
Requirement already satisfied: dill in ./venv/lib/python3.11/site-packages (from evaluate) (0.3.7)
Requirement already satisfied: pandas in ./venv/lib/python3.11/site-packages (from evaluate) (2.1.3)
Requirement already satisfied: requests>=2.19.0 in ./venv/lib/python3.11/site-packages (from evaluate) (2.31.0)
Requirement already satisfied: tqdm>=4.62.1 in ./venv/lib/python3.11/site-packages (from evaluate) (4.66.1)
Requirement already satisfied: xxhash in ./venv/lib/python3.11/site-packages (from evaluate) (3.4.1)
Requirement already satisfied: multiprocess in ./venv/lib/python3.11/site-packages (from evaluate) (0.70.15)
Requirement already satisfied: fsspec[http]>=2021.05.0 in ./venv/lib/python3.11/site-packages (from evaluate) (2023.10.0)
Requirement already satisfied: huggingface-hub>=0.7.0 in ./venv/lib/python3.11/site-packages (from evaluate) (0.17.3)
Requirement already satisfied: packaging in ./venv/lib/python3.11/site-packages (from evaluate) (23.2)
Requirement already satisfied: responses<0.19 in ./venv/lib/python3.11/site-packages (from evaluate) (0.18.0)
Requirement already satisfied: pyarrow>=8.0.0 in ./venv/lib/python3.11/site-packages (from datasets>=2.0.0->evaluate) (14.0.1)
Requirement already satisfied: aiohttp in ./venv/lib/python3.11/site-packages (from datasets>=2.0.0->evaluate) (3.8.6)
Requirement already satisfied: pyyaml>=5.1 in ./venv/lib/python3.11/site-packages (from datasets>=2.0.0->evaluate) (6.0.1)
Requirement already satisfied: filelock in ./venv/lib/python3.11/site-packages (from huggingface-hub>=0.7.0->evaluate) (3.13.1)
Requirement already satisfied: typing-extensions>=3.7.4.3 in ./venv/lib/python3.11/site-packages (from huggingface-hub>=0.7.0->evaluate) (4.8.0)
Requirement already satisfied: charset-normalizer<4,>=2 in ./venv/lib/python3.11/site-packages (from requests>=2.19.0->evaluate) (3.3.2)
Requirement already satisfied: idna<4,>=2.5 in ./venv/lib/python3.11/site-packages (from requests>=2.19.0->evaluate) (3.4)
Requirement already satisfied: urllib3<3,>=1.21.1 in ./venv/lib/python3.11/site-packages (from requests>=2.19.0->evaluate) (2.0.7)
Requirement already satisfied: certifi>=2017.4.17 in ./venv/lib/python3.11/site-packages (from requests>=2.19.0->evaluate) (2023.7.22)
Requirement already satisfied: python-dateutil>=2.8.2 in ./venv/lib/python3.11/site-packages (from pandas->evaluate) (2.8.2)
Requirement already satisfied: pytz>=2020.1 in ./venv/lib/python3.11/site-packages (from pandas->evaluate) (2023.3.post1)
Requirement already satisfied: tzdata>=2022.1 in ./venv/lib/python3.11/site-packages (from pandas->evaluate) (2023.3)
Requirement already satisfied: attrs>=17.3.0 in ./venv/lib/python3.11/site-packages (from aiohttp->datasets>=2.0.0->evaluate) (23.1.0)
Requirement already satisfied: multidict<7.0,>=4.5 in ./venv/lib/python3.11/site-packages (from aiohttp->datasets>=2.0.0->evaluate) (6.0.4)
Requirement already satisfied: async-timeout<5.0,>=4.0.0a3 in ./venv/lib/python3.11/site-packages (from aiohttp->datasets>=2.0.0->evaluate) (4.0.3)
Requirement already satisfied: yarl<2.0,>=1.0 in ./venv/lib/python3.11/site-packages (from aiohttp->datasets>=2.0.0->evaluate) (1.9.2)
Requirement already satisfied: frozenlist>=1.1.1 in ./venv/lib/python3.11/site-packages (from aiohttp->datasets>=2.0.0->evaluate) (1.4.0)
Requirement already satisfied: aiosignal>=1.1.2 in ./venv/lib/python3.11/site-packages (from aiohttp->datasets>=2.0.0->evaluate) (1.3.1)
Requirement already satisfied: six>=1.5 in ./venv/lib/python3.11/site-packages (from python-dateutil>=2.8.2->pandas->evaluate) (1.16.0)

[notice] A new release of pip is available: 23.2.1 -> 23.3.1
[notice] To update, run: pip install --upgrade pip
Requirement already satisfied: scikit-learn in ./venv/lib/python3.11/site-packages (1.3.2)
Requirement already satisfied: numpy<2.0,>=1.17.3 in ./venv/lib/python3.11/site-packages (from scikit-learn) (1.26.1)
Requirement already satisfied: scipy>=1.5.0 in ./venv/lib/python3.11/site-packages (from scikit-learn) (1.11.3)
Requirement already satisfied: joblib>=1.1.1 in ./venv/lib/python3.11/site-packages (from scikit-learn) (1.3.2)
Requirement already satisfied: threadpoolctl>=2.0.0 in ./venv/lib/python3.11/site-packages (from scikit-learn) (3.2.0)

[notice] A new release of pip is available: 23.2.1 -> 23.3.1
[notice] To update, run: pip install --upgrade pip
Requirement already satisfied: peft in ./venv/lib/python3.11/site-packages (0.6.2)
Requirement already satisfied: numpy>=1.17 in ./venv/lib/python3.11/site-packages (from peft) (1.26.1)
Requirement already satisfied: packaging>=20.0 in ./venv/lib/python3.11/site-packages (from peft) (23.2)
Requirement already satisfied: psutil in ./venv/lib/python3.11/site-packages (from peft) (5.9.6)
Requirement already satisfied: pyyaml in ./venv/lib/python3.11/site-packages (from peft) (6.0.1)
Requirement already satisfied: torch>=1.13.0 in ./venv/lib/python3.11/site-packages (from peft) (2.1.0)
Requirement already satisfied: transformers in ./venv/lib/python3.11/site-packages (from peft) (4.35.0)
Requirement already satisfied: tqdm in ./venv/lib/python3.11/site-packages (from peft) (4.66.1)
Requirement already satisfied: accelerate>=0.21.0 in ./venv/lib/python3.11/site-packages (from peft) (0.24.1)
Requirement already satisfied: safetensors in ./venv/lib/python3.11/site-packages (from peft) (0.4.0)
Requirement already satisfied: huggingface-hub in ./venv/lib/python3.11/site-packages (from accelerate>=0.21.0->peft) (0.17.3)
Requirement already satisfied: filelock in ./venv/lib/python3.11/site-packages (from torch>=1.13.0->peft) (3.13.1)
Requirement already satisfied: typing-extensions in ./venv/lib/python3.11/site-packages (from torch>=1.13.0->peft) (4.8.0)
Requirement already satisfied: sympy in ./venv/lib/python3.11/site-packages (from torch>=1.13.0->peft) (1.12)
Requirement already satisfied: networkx in ./venv/lib/python3.11/site-packages (from torch>=1.13.0->peft) (3.2.1)
Requirement already satisfied: jinja2 in ./venv/lib/python3.11/site-packages (from torch>=1.13.0->peft) (3.1.2)
Requirement already satisfied: fsspec in ./venv/lib/python3.11/site-packages (from torch>=1.13.0->peft) (2023.10.0)
Requirement already satisfied: nvidia-cuda-nvrtc-cu12==12.1.105 in ./venv/lib/python3.11/site-packages (from torch>=1.13.0->peft) (12.1.105)
Requirement already satisfied: nvidia-cuda-runtime-cu12==12.1.105 in ./venv/lib/python3.11/site-packages (from torch>=1.13.0->peft) (12.1.105)
Requirement already satisfied: nvidia-cuda-cupti-cu12==12.1.105 in ./venv/lib/python3.11/site-packages (from torch>=1.13.0->peft) (12.1.105)
Requirement already satisfied: nvidia-cudnn-cu12==8.9.2.26 in ./venv/lib/python3.11/site-packages (from torch>=1.13.0->peft) (8.9.2.26)
Requirement already satisfied: nvidia-cublas-cu12==12.1.3.1 in ./venv/lib/python3.11/site-packages (from torch>=1.13.0->peft) (12.1.3.1)
Requirement already satisfied: nvidia-cufft-cu12==11.0.2.54 in ./venv/lib/python3.11/site-packages (from torch>=1.13.0->peft) (11.0.2.54)
Requirement already satisfied: nvidia-curand-cu12==10.3.2.106 in ./venv/lib/python3.11/site-packages (from torch>=1.13.0->peft) (10.3.2.106)
Requirement already satisfied: nvidia-cusolver-cu12==11.4.5.107 in ./venv/lib/python3.11/site-packages (from torch>=1.13.0->peft) (11.4.5.107)
Requirement already satisfied: nvidia-cusparse-cu12==12.1.0.106 in ./venv/lib/python3.11/site-packages (from torch>=1.13.0->peft) (12.1.0.106)
Requirement already satisfied: nvidia-nccl-cu12==2.18.1 in ./venv/lib/python3.11/site-packages (from torch>=1.13.0->peft) (2.18.1)
Requirement already satisfied: nvidia-nvtx-cu12==12.1.105 in ./venv/lib/python3.11/site-packages (from torch>=1.13.0->peft) (12.1.105)
Requirement already satisfied: triton==2.1.0 in ./venv/lib/python3.11/site-packages (from torch>=1.13.0->peft) (2.1.0)
Requirement already satisfied: nvidia-nvjitlink-cu12 in ./venv/lib/python3.11/site-packages (from nvidia-cusolver-cu12==11.4.5.107->torch>=1.13.0->peft) (12.3.52)
Requirement already satisfied: regex!=2019.12.17 in ./venv/lib/python3.11/site-packages (from transformers->peft) (2023.10.3)
Requirement already satisfied: requests in ./venv/lib/python3.11/site-packages (from transformers->peft) (2.31.0)
Requirement already satisfied: tokenizers<0.15,>=0.14 in ./venv/lib/python3.11/site-packages (from transformers->peft) (0.14.1)
Requirement already satisfied: MarkupSafe>=2.0 in ./venv/lib/python3.11/site-packages (from jinja2->torch>=1.13.0->peft) (2.1.3)
Requirement already satisfied: charset-normalizer<4,>=2 in ./venv/lib/python3.11/site-packages (from requests->transformers->peft) (3.3.2)
Requirement already satisfied: idna<4,>=2.5 in ./venv/lib/python3.11/site-packages (from requests->transformers->peft) (3.4)
Requirement already satisfied: urllib3<3,>=1.21.1 in ./venv/lib/python3.11/site-packages (from requests->transformers->peft) (2.0.7)
Requirement already satisfied: certifi>=2017.4.17 in ./venv/lib/python3.11/site-packages (from requests->transformers->peft) (2023.7.22)
Requirement already satisfied: mpmath>=0.19 in ./venv/lib/python3.11/site-packages (from sympy->torch>=1.13.0->peft) (1.3.0)

[notice] A new release of pip is available: 23.2.1 -> 23.3.1
[notice] To update, run: pip install --upgrade pip
[nltk_data] Downloading package punkt to /home/mehars/nltk_data...
[nltk_data]   Package punkt is already up-to-date!
-----------------------
Summarizing test
-----------------------
Creating All the News 2.0 Summarized dataset
-----------------------
Setting model and tokenizer
-----------------------
Reading CSV
-----------------------
Generating summarization inputs
  0%|          | 0/58042 [00:00<?, ?it/s]  7%|▋         | 4119/58042 [00:00<00:01, 28184.41it/s]100%|██████████| 58042/58042 [00:00<00:00, 340087.41it/s]
-----------------------
Summarizing
slurmstepd: error: *** JOB 65519666 ON gl1521 CANCELLED AT 2023-11-23T20:58:20 ***
